0 info it worked if it ends with ok
1 verbose cli [ '/opt/alt/alt-nodejs10/root/usr/bin/node',
1 verbose cli   '/opt/alt/alt-nodejs10/root/usr/bin/npm',
1 verbose cli   'run-script',
1 verbose cli   'start',
1 verbose cli   '--' ]
2 info using npm@6.14.12
3 info using node@v10.24.1
4 verbose run-script [ 'prestart', 'start', 'poststart' ]
5 info lifecycle nodejs@1.0.0~prestart: nodejs@1.0.0
6 info lifecycle nodejs@1.0.0~start: nodejs@1.0.0
7 verbose lifecycle nodejs@1.0.0~start: unsafe-perm in lifecycle true
8 verbose lifecycle nodejs@1.0.0~start: PATH: /opt/alt/alt-nodejs10/root/usr/lib/node_modules/npm/node_modules.bundled/npm-lifecycle/node-gyp-bin:/home/aemandko/nodejs3/node_modules/.bin:/opt/alt/alt-nodejs10/root/usr/bin:/home/aemandko/nodevenv/nodejs3/10/bin:/opt/alt/alt-nodejs10/root/usr/bin:/home/aemandko/nodevenv/nodejs3/10/lib/bin/:/usr/local/bin:/usr/bin
9 verbose lifecycle nodejs@1.0.0~start: CWD: /home/aemandko/nodejs3
10 silly lifecycle nodejs@1.0.0~start: Args: [ '-c', 'ts-node server.ts --scripts-prepend-node-path' ]
11 silly lifecycle nodejs@1.0.0~start: Returned: code: 1  signal: null
12 info lifecycle nodejs@1.0.0~start: Failed to exec start script
13 verbose stack Error: nodejs@1.0.0 start: `ts-node server.ts --scripts-prepend-node-path`
13 verbose stack Exit status 1
13 verbose stack     at EventEmitter.<anonymous> (/opt/alt/alt-nodejs10/root/usr/lib/node_modules/npm/node_modules.bundled/npm-lifecycle/index.js:332:16)
13 verbose stack     at EventEmitter.emit (events.js:198:13)
13 verbose stack     at ChildProcess.<anonymous> (/opt/alt/alt-nodejs10/root/usr/lib/node_modules/npm/node_modules.bundled/npm-lifecycle/lib/spawn.js:55:14)
13 verbose stack     at ChildProcess.emit (events.js:198:13)
13 verbose stack     at maybeClose (internal/child_process.js:982:16)
13 verbose stack     at Process.ChildProcess._handle.onexit (internal/child_process.js:259:5)
14 verbose pkgid nodejs@1.0.0
15 verbose cwd /home/aemandko/nodejs3
16 verbose Linux 4.18.0-425.19.2.lve.el8.x86_64
17 verbose argv "/opt/alt/alt-nodejs10/root/usr/bin/node" "/opt/alt/alt-nodejs10/root/usr/bin/npm" "run-script" "start" "--"
18 verbose node v10.24.1
19 verbose npm  v6.14.12
20 error code ELIFECYCLE
21 error errno 1
22 error nodejs@1.0.0 start: `ts-node server.ts --scripts-prepend-node-path`
22 error Exit status 1
23 error Failed at the nodejs@1.0.0 start script.
23 error This is probably not a problem with npm. There is likely additional logging output above.
24 verbose exit [ 1, true ]
